2023-10-30 00:58:14.960  INFO 2649 --- [restartedMain] c.s.ecommerce.ECommerceApplication       : Starting ECommerceApplication using Java 17.0.8.1 on Marks-MacBook-Air.local with PID 2649 (/Users/msetrakyan/IdeaProjects/e-commerce/target/classes started by msetrakyan in /Users/msetrakyan/IdeaProjects/e-commerce)
2023-10-30 00:58:14.962  INFO 2649 --- [restartedMain] c.s.ecommerce.ECommerceApplication       : No active profile set, falling back to 1 default profile: "default"
2023-10-30 00:58:15.003  INFO 2649 --- [restartedMain] .e.DevToolsPropertyDefaultsPostProcessor : Devtools property defaults active! Set 'spring.devtools.add-properties' to 'false' to disable
2023-10-30 00:58:15.366  INFO 2649 --- [restartedMain] .s.d.r.c.RepositoryConfigurationDelegate : Bootstrapping Spring Data JPA repositories in DEFAULT mode.
2023-10-30 00:58:15.393  INFO 2649 --- [restartedMain] .s.d.r.c.RepositoryConfigurationDelegate : Finished Spring Data repository scanning in 23 ms. Found 3 JPA repository interfaces.
2023-10-30 00:58:15.473  INFO 2649 --- [restartedMain] o.s.cloud.context.scope.GenericScope     : BeanFactory id=874333b7-e02c-326e-94c7-4db25e752acd
2023-10-30 00:58:15.832  INFO 2649 --- [restartedMain] o.s.b.w.embedded.tomcat.TomcatWebServer  : Tomcat initialized with port(s): 8080 (http)
2023-10-30 00:58:15.836  INFO 2649 --- [restartedMain] o.apache.catalina.core.StandardService   : Starting service [Tomcat]
2023-10-30 00:58:15.836  INFO 2649 --- [restartedMain] org.apache.catalina.core.StandardEngine  : Starting Servlet engine: [Apache Tomcat/9.0.80]
2023-10-30 00:58:15.873  INFO 2649 --- [restartedMain] o.a.c.c.C.[Tomcat].[localhost].[/]       : Initializing Spring embedded WebApplicationContext
2023-10-30 00:58:15.873  INFO 2649 --- [restartedMain] w.s.c.ServletWebServerApplicationContext : Root WebApplicationContext: initialization completed in 870 ms
2023-10-30 00:58:15.989  INFO 2649 --- [restartedMain] com.zaxxer.hikari.HikariDataSource       : HikariPool-1 - Starting...
2023-10-30 00:58:16.057  INFO 2649 --- [restartedMain] com.zaxxer.hikari.HikariDataSource       : HikariPool-1 - Start completed.
2023-10-30 00:58:16.131  INFO 2649 --- [restartedMain] liquibase.database                       : Set default schema name to public
2023-10-30 00:58:16.184  INFO 2649 --- [restartedMain] liquibase.lockservice                    : Successfully acquired change log lock
2023-10-30 00:58:16.280  INFO 2649 --- [restartedMain] liquibase.changelog                      : Creating database history table with name: public.databasechangelog
2023-10-30 00:58:16.285  INFO 2649 --- [restartedMain] liquibase.changelog                      : Reading from public.databasechangelog
2023-10-30 00:58:16.296  INFO 2649 --- [restartedMain] liquibase.lockservice                    : Successfully released change log lock
2023-10-30 00:58:16.297  WARN 2649 --- [restartedMain] ConfigServletWebServerApplicationContext : Exception encountered during context initialization - cancelling refresh attempt: org.springframework.beans.factory.BeanCreationException: Error creating bean with name 'liquibase' defined in class path resource [org/springframework/boot/autoconfigure/liquibase/LiquibaseAutoConfiguration$LiquibaseConfiguration.class]: Invocation of init method failed; nested exception is liquibase.exception.LiquibaseException: liquibase.exception.UnexpectedLiquibaseException: java.io.IOException: The file classpath:/db/changelog/V3_Initialization.sql was not found in
    - file:/Users/msetrakyan/IdeaProjects/e-commerce/target/classes/
Specifying files by absolute path was removed in Liquibase 4.0. Please use a relative path or add '/' to the classpath parameter.
2023-10-30 00:58:16.297  INFO 2649 --- [restartedMain] com.zaxxer.hikari.HikariDataSource       : HikariPool-1 - Shutdown initiated...
2023-10-30 00:58:16.307  INFO 2649 --- [restartedMain] com.zaxxer.hikari.HikariDataSource       : HikariPool-1 - Shutdown completed.
2023-10-30 00:58:16.308  INFO 2649 --- [restartedMain] o.apache.catalina.core.StandardService   : Stopping service [Tomcat]
2023-10-30 00:58:16.315  INFO 2649 --- [restartedMain] ConditionEvaluationReportLoggingListener : 

Error starting ApplicationContext. To display the conditions report re-run your application with 'debug' enabled.
2023-10-30 00:58:16.325 ERROR 2649 --- [restartedMain] o.s.boot.SpringApplication               : Application run failed

org.springframework.beans.factory.BeanCreationException: Error creating bean with name 'liquibase' defined in class path resource [org/springframework/boot/autoconfigure/liquibase/LiquibaseAutoConfiguration$LiquibaseConfiguration.class]: Invocation of init method failed; nested exception is liquibase.exception.LiquibaseException: liquibase.exception.UnexpectedLiquibaseException: java.io.IOException: The file classpath:/db/changelog/V3_Initialization.sql was not found in
    - file:/Users/msetrakyan/IdeaProjects/e-commerce/target/classes/
Specifying files by absolute path was removed in Liquibase 4.0. Please use a relative path or add '/' to the classpath parameter.
	at org.springframework.beans.factory.support.AbstractAutowireCapableBeanFactory.initializeBean(AbstractAutowireCapableBeanFactory.java:1804) ~[spring-beans-5.3.30.jar:5.3.30]
	at org.springframework.beans.factory.support.AbstractAutowireCapableBeanFactory.doCreateBean(AbstractAutowireCapableBeanFactory.java:620) ~[spring-beans-5.3.30.jar:5.3.30]
	at org.springframework.beans.factory.support.AbstractAutowireCapableBeanFactory.createBean(AbstractAutowireCapableBeanFactory.java:542) ~[spring-beans-5.3.30.jar:5.3.30]
	at org.springframework.beans.factory.support.AbstractBeanFactory.lambda$doGetBean$0(AbstractBeanFactory.java:335) ~[spring-beans-5.3.30.jar:5.3.30]
	at org.springframework.beans.factory.support.DefaultSingletonBeanRegistry.getSingleton(DefaultSingletonBeanRegistry.java:234) ~[spring-beans-5.3.30.jar:5.3.30]
	at org.springframework.beans.factory.support.AbstractBeanFactory.doGetBean(AbstractBeanFactory.java:333) ~[spring-beans-5.3.30.jar:5.3.30]
	at org.springframework.beans.factory.support.AbstractBeanFactory.getBean(AbstractBeanFactory.java:208) ~[spring-beans-5.3.30.jar:5.3.30]
	at org.springframework.beans.factory.support.AbstractBeanFactory.doGetBean(AbstractBeanFactory.java:322) ~[spring-beans-5.3.30.jar:5.3.30]
	at org.springframework.beans.factory.support.AbstractBeanFactory.getBean(AbstractBeanFactory.java:208) ~[spring-beans-5.3.30.jar:5.3.30]
	at org.springframework.context.support.AbstractApplicationContext.getBean(AbstractApplicationContext.java:1160) ~[spring-context-5.3.30.jar:5.3.30]
	at org.springframework.context.support.AbstractApplicationContext.finishBeanFactoryInitialization(AbstractApplicationContext.java:911) ~[spring-context-5.3.30.jar:5.3.30]
	at org.springframework.context.support.AbstractApplicationContext.refresh(AbstractApplicationContext.java:583) ~[spring-context-5.3.30.jar:5.3.30]
	at org.springframework.boot.web.servlet.context.ServletWebServerApplicationContext.refresh(ServletWebServerApplicationContext.java:147) ~[spring-boot-2.7.16.jar:2.7.16]
	at org.springframework.boot.SpringApplication.refresh(SpringApplication.java:731) ~[spring-boot-2.7.16.jar:2.7.16]
	at org.springframework.boot.SpringApplication.refreshContext(SpringApplication.java:408) ~[spring-boot-2.7.16.jar:2.7.16]
	at org.springframework.boot.SpringApplication.run(SpringApplication.java:307) ~[spring-boot-2.7.16.jar:2.7.16]
	at org.springframework.boot.SpringApplication.run(SpringApplication.java:1303) ~[spring-boot-2.7.16.jar:2.7.16]
	at org.springframework.boot.SpringApplication.run(SpringApplication.java:1292) ~[spring-boot-2.7.16.jar:2.7.16]
	at com.smartcode.ecommerce.ECommerceApplication.main(ECommerceApplication.java:13) ~[classes/:na]
	at java.base/jdk.internal.reflect.NativeMethodAccessorImpl.invoke0(Native Method) ~[na:na]
	at java.base/jdk.internal.reflect.NativeMethodAccessorImpl.invoke(NativeMethodAccessorImpl.java:77) ~[na:na]
	at java.base/jdk.internal.reflect.DelegatingMethodAccessorImpl.invoke(DelegatingMethodAccessorImpl.java:43) ~[na:na]
	at java.base/java.lang.reflect.Method.invoke(Method.java:568) ~[na:na]
	at org.springframework.boot.devtools.restart.RestartLauncher.run(RestartLauncher.java:50) ~[spring-boot-devtools-2.7.16.jar:2.7.16]
Caused by: liquibase.exception.LiquibaseException: liquibase.exception.UnexpectedLiquibaseException: java.io.IOException: The file classpath:/db/changelog/V3_Initialization.sql was not found in
    - file:/Users/msetrakyan/IdeaProjects/e-commerce/target/classes/
Specifying files by absolute path was removed in Liquibase 4.0. Please use a relative path or add '/' to the classpath parameter.
	at liquibase.changelog.ChangeLogIterator.run(ChangeLogIterator.java:126) ~[liquibase-core-4.9.1.jar:na]
	at liquibase.changelog.DatabaseChangeLog.validate(DatabaseChangeLog.java:289) ~[liquibase-core-4.9.1.jar:na]
	at liquibase.Liquibase.lambda$update$1(Liquibase.java:231) ~[liquibase-core-4.9.1.jar:na]
	at liquibase.Scope.lambda$child$0(Scope.java:180) ~[liquibase-core-4.9.1.jar:na]
	at liquibase.Scope.child(Scope.java:189) ~[liquibase-core-4.9.1.jar:na]
	at liquibase.Scope.child(Scope.java:179) ~[liquibase-core-4.9.1.jar:na]
	at liquibase.Scope.child(Scope.java:158) ~[liquibase-core-4.9.1.jar:na]
	at liquibase.Liquibase.runInScope(Liquibase.java:2405) ~[liquibase-core-4.9.1.jar:na]
	at liquibase.Liquibase.update(Liquibase.java:211) ~[liquibase-core-4.9.1.jar:na]
	at liquibase.Liquibase.update(Liquibase.java:197) ~[liquibase-core-4.9.1.jar:na]
	at liquibase.integration.spring.SpringLiquibase.performUpdate(SpringLiquibase.java:314) ~[liquibase-core-4.9.1.jar:na]
	at liquibase.integration.spring.SpringLiquibase.afterPropertiesSet(SpringLiquibase.java:269) ~[liquibase-core-4.9.1.jar:na]
	at org.springframework.beans.factory.support.AbstractAutowireCapableBeanFactory.invokeInitMethods(AbstractAutowireCapableBeanFactory.java:1863) ~[spring-beans-5.3.30.jar:5.3.30]
	at org.springframework.beans.factory.support.AbstractAutowireCapableBeanFactory.initializeBean(AbstractAutowireCapableBeanFactory.java:1800) ~[spring-beans-5.3.30.jar:5.3.30]
	... 23 common frames omitted
Caused by: liquibase.exception.UnexpectedLiquibaseException: java.io.IOException: The file classpath:/db/changelog/V3_Initialization.sql was not found in
    - file:/Users/msetrakyan/IdeaProjects/e-commerce/target/classes/
Specifying files by absolute path was removed in Liquibase 4.0. Please use a relative path or add '/' to the classpath parameter.
	at liquibase.change.AbstractSQLChange.generateCheckSum(AbstractSQLChange.java:203) ~[liquibase-core-4.9.1.jar:na]
	at liquibase.changelog.ChangeSet.generateCheckSum(ChangeSet.java:307) ~[liquibase-core-4.9.1.jar:na]
	at liquibase.changelog.ChangeSet.toString(ChangeSet.java:938) ~[liquibase-core-4.9.1.jar:na]
	at liquibase.changelog.ChangeLogIterator.createKey(ChangeLogIterator.java:181) ~[liquibase-core-4.9.1.jar:na]
	at liquibase.changelog.ChangeLogIterator.alreadySaw(ChangeLogIterator.java:189) ~[liquibase-core-4.9.1.jar:na]
	at liquibase.changelog.ChangeLogIterator$2.lambda$run$1(ChangeLogIterator.java:94) ~[liquibase-core-4.9.1.jar:na]
	at liquibase.Scope.lambda$child$0(Scope.java:180) ~[liquibase-core-4.9.1.jar:na]
	at liquibase.Scope.child(Scope.java:189) ~[liquibase-core-4.9.1.jar:na]
	at liquibase.Scope.child(Scope.java:179) ~[liquibase-core-4.9.1.jar:na]
	at liquibase.Scope.child(Scope.java:158) ~[liquibase-core-4.9.1.jar:na]
	at liquibase.Scope.child(Scope.java:243) ~[liquibase-core-4.9.1.jar:na]
	at liquibase.changelog.ChangeLogIterator$2.run(ChangeLogIterator.java:93) ~[liquibase-core-4.9.1.jar:na]
	at liquibase.Scope.lambda$child$0(Scope.java:180) ~[liquibase-core-4.9.1.jar:na]
	at liquibase.Scope.child(Scope.java:189) ~[liquibase-core-4.9.1.jar:na]
	at liquibase.Scope.child(Scope.java:179) ~[liquibase-core-4.9.1.jar:na]
	at liquibase.Scope.child(Scope.java:158) ~[liquibase-core-4.9.1.jar:na]
	at liquibase.Scope.child(Scope.java:243) ~[liquibase-core-4.9.1.jar:na]
	at liquibase.Scope.child(Scope.java:247) ~[liquibase-core-4.9.1.jar:na]
	at liquibase.changelog.ChangeLogIterator.run(ChangeLogIterator.java:65) ~[liquibase-core-4.9.1.jar:na]
	... 36 common frames omitted
Caused by: java.io.IOException: The file classpath:/db/changelog/V3_Initialization.sql was not found in
    - file:/Users/msetrakyan/IdeaProjects/e-commerce/target/classes/
Specifying files by absolute path was removed in Liquibase 4.0. Please use a relative path or add '/' to the classpath parameter.
	at liquibase.change.core.SQLFileChange.openSqlStream(SQLFileChange.java:131) ~[liquibase-core-4.9.1.jar:na]
	at liquibase.change.AbstractSQLChange.generateCheckSum(AbstractSQLChange.java:189) ~[liquibase-core-4.9.1.jar:na]
	... 54 common frames omitted

2023-10-30 00:58:28.147  INFO 2675 --- [restartedMain] c.s.ecommerce.ECommerceApplication       : Starting ECommerceApplication using Java 17.0.8.1 on Marks-MacBook-Air.local with PID 2675 (/Users/msetrakyan/IdeaProjects/e-commerce/target/classes started by msetrakyan in /Users/msetrakyan/IdeaProjects/e-commerce)
2023-10-30 00:58:28.148  INFO 2675 --- [restartedMain] c.s.ecommerce.ECommerceApplication       : No active profile set, falling back to 1 default profile: "default"
2023-10-30 00:58:28.169  INFO 2675 --- [restartedMain] .e.DevToolsPropertyDefaultsPostProcessor : Devtools property defaults active! Set 'spring.devtools.add-properties' to 'false' to disable
2023-10-30 00:58:28.472  INFO 2675 --- [restartedMain] .s.d.r.c.RepositoryConfigurationDelegate : Bootstrapping Spring Data JPA repositories in DEFAULT mode.
2023-10-30 00:58:28.498  INFO 2675 --- [restartedMain] .s.d.r.c.RepositoryConfigurationDelegate : Finished Spring Data repository scanning in 23 ms. Found 3 JPA repository interfaces.
2023-10-30 00:58:28.579  INFO 2675 --- [restartedMain] o.s.cloud.context.scope.GenericScope     : BeanFactory id=874333b7-e02c-326e-94c7-4db25e752acd
2023-10-30 00:58:28.887  INFO 2675 --- [restartedMain] o.s.b.w.embedded.tomcat.TomcatWebServer  : Tomcat initialized with port(s): 8080 (http)
2023-10-30 00:58:28.891  INFO 2675 --- [restartedMain] o.apache.catalina.core.StandardService   : Starting service [Tomcat]
2023-10-30 00:58:28.891  INFO 2675 --- [restartedMain] org.apache.catalina.core.StandardEngine  : Starting Servlet engine: [Apache Tomcat/9.0.80]
2023-10-30 00:58:28.925  INFO 2675 --- [restartedMain] o.a.c.c.C.[Tomcat].[localhost].[/]       : Initializing Spring embedded WebApplicationContext
2023-10-30 00:58:28.925  INFO 2675 --- [restartedMain] w.s.c.ServletWebServerApplicationContext : Root WebApplicationContext: initialization completed in 755 ms
2023-10-30 00:58:29.036  INFO 2675 --- [restartedMain] com.zaxxer.hikari.HikariDataSource       : HikariPool-1 - Starting...
2023-10-30 00:58:29.101  INFO 2675 --- [restartedMain] com.zaxxer.hikari.HikariDataSource       : HikariPool-1 - Start completed.
2023-10-30 00:58:29.170  INFO 2675 --- [restartedMain] liquibase.database                       : Set default schema name to public
2023-10-30 00:58:29.204  INFO 2675 --- [restartedMain] liquibase.lockservice                    : Successfully acquired change log lock
2023-10-30 00:58:29.338  INFO 2675 --- [restartedMain] liquibase.changelog                      : Reading from public.databasechangelog
2023-10-30 00:58:29.382  INFO 2675 --- [restartedMain] liquibase.changelog                      : SQL in file classpath:/db/changelog/V1_Initialization.sql executed
2023-10-30 00:58:29.382  INFO 2675 --- [restartedMain] liquibase.changelog                      : ChangeSet classpath:/db/changelog/db.changelog-master.yaml::1::Mark ran successfully in 28ms
2023-10-30 00:58:29.390  INFO 2675 --- [restartedMain] liquibase.changelog                      : SQL in file classpath:/db/changelog/V2_Initialization.sql executed
2023-10-30 00:58:29.391  INFO 2675 --- [restartedMain] liquibase.changelog                      : ChangeSet classpath:/db/changelog/db.changelog-master.yaml::2::Mark ran successfully in 3ms
2023-10-30 00:58:29.393  INFO 2675 --- [restartedMain] liquibase.lockservice                    : Successfully released change log lock
2023-10-30 00:58:29.429  INFO 2675 --- [restartedMain] o.hibernate.jpa.internal.util.LogHelper  : HHH000204: Processing PersistenceUnitInfo [name: default]
2023-10-30 00:58:29.452  INFO 2675 --- [restartedMain] org.hibernate.Version                    : HHH000412: Hibernate ORM core version 5.6.15.Final
2023-10-30 00:58:29.513  INFO 2675 --- [restartedMain] o.hibernate.annotations.common.Version   : HCANN000001: Hibernate Commons Annotations {5.1.2.Final}
2023-10-30 00:58:29.564  INFO 2675 --- [restartedMain] org.hibernate.dialect.Dialect            : HHH000400: Using dialect: org.hibernate.dialect.PostgreSQL10Dialect
2023-10-30 00:58:29.880 ERROR 2675 --- [restartedMain] j.LocalContainerEntityManagerFactoryBean : Failed to initialize JPA EntityManagerFactory: [PersistenceUnit: default] Unable to build Hibernate SessionFactory; nested exception is org.hibernate.tool.schema.spi.SchemaManagementException: Schema-validation: missing table [users_cart]
2023-10-30 00:58:29.881  WARN 2675 --- [restartedMain] ConfigServletWebServerApplicationContext : Exception encountered during context initialization - cancelling refresh attempt: org.springframework.beans.factory.BeanCreationException: Error creating bean with name 'entityManagerFactory' defined in class path resource [org/springframework/boot/autoconfigure/orm/jpa/HibernateJpaConfiguration.class]: Invocation of init method failed; nested exception is javax.persistence.PersistenceException: [PersistenceUnit: default] Unable to build Hibernate SessionFactory; nested exception is org.hibernate.tool.schema.spi.SchemaManagementException: Schema-validation: missing table [users_cart]
2023-10-30 00:58:29.882  INFO 2675 --- [restartedMain] com.zaxxer.hikari.HikariDataSource       : HikariPool-1 - Shutdown initiated...
2023-10-30 00:58:29.883  INFO 2675 --- [restartedMain] com.zaxxer.hikari.HikariDataSource       : HikariPool-1 - Shutdown completed.
2023-10-30 00:58:29.884  INFO 2675 --- [restartedMain] o.apache.catalina.core.StandardService   : Stopping service [Tomcat]
2023-10-30 00:58:29.890  INFO 2675 --- [restartedMain] ConditionEvaluationReportLoggingListener : 

Error starting ApplicationContext. To display the conditions report re-run your application with 'debug' enabled.
2023-10-30 00:58:29.901 ERROR 2675 --- [restartedMain] o.s.boot.SpringApplication               : Application run failed

org.springframework.beans.factory.BeanCreationException: Error creating bean with name 'entityManagerFactory' defined in class path resource [org/springframework/boot/autoconfigure/orm/jpa/HibernateJpaConfiguration.class]: Invocation of init method failed; nested exception is javax.persistence.PersistenceException: [PersistenceUnit: default] Unable to build Hibernate SessionFactory; nested exception is org.hibernate.tool.schema.spi.SchemaManagementException: Schema-validation: missing table [users_cart]
	at org.springframework.beans.factory.support.AbstractAutowireCapableBeanFactory.initializeBean(AbstractAutowireCapableBeanFactory.java:1804) ~[spring-beans-5.3.30.jar:5.3.30]
	at org.springframework.beans.factory.support.AbstractAutowireCapableBeanFactory.doCreateBean(AbstractAutowireCapableBeanFactory.java:620) ~[spring-beans-5.3.30.jar:5.3.30]
	at org.springframework.beans.factory.support.AbstractAutowireCapableBeanFactory.createBean(AbstractAutowireCapableBeanFactory.java:542) ~[spring-beans-5.3.30.jar:5.3.30]
	at org.springframework.beans.factory.support.AbstractBeanFactory.lambda$doGetBean$0(AbstractBeanFactory.java:335) ~[spring-beans-5.3.30.jar:5.3.30]
	at org.springframework.beans.factory.support.DefaultSingletonBeanRegistry.getSingleton(DefaultSingletonBeanRegistry.java:234) ~[spring-beans-5.3.30.jar:5.3.30]
	at org.springframework.beans.factory.support.AbstractBeanFactory.doGetBean(AbstractBeanFactory.java:333) ~[spring-beans-5.3.30.jar:5.3.30]
	at org.springframework.beans.factory.support.AbstractBeanFactory.getBean(AbstractBeanFactory.java:208) ~[spring-beans-5.3.30.jar:5.3.30]
	at org.springframework.context.support.AbstractApplicationContext.getBean(AbstractApplicationContext.java:1160) ~[spring-context-5.3.30.jar:5.3.30]
	at org.springframework.context.support.AbstractApplicationContext.finishBeanFactoryInitialization(AbstractApplicationContext.java:911) ~[spring-context-5.3.30.jar:5.3.30]
	at org.springframework.context.support.AbstractApplicationContext.refresh(AbstractApplicationContext.java:583) ~[spring-context-5.3.30.jar:5.3.30]
	at org.springframework.boot.web.servlet.context.ServletWebServerApplicationContext.refresh(ServletWebServerApplicationContext.java:147) ~[spring-boot-2.7.16.jar:2.7.16]
	at org.springframework.boot.SpringApplication.refresh(SpringApplication.java:731) ~[spring-boot-2.7.16.jar:2.7.16]
	at org.springframework.boot.SpringApplication.refreshContext(SpringApplication.java:408) ~[spring-boot-2.7.16.jar:2.7.16]
	at org.springframework.boot.SpringApplication.run(SpringApplication.java:307) ~[spring-boot-2.7.16.jar:2.7.16]
	at org.springframework.boot.SpringApplication.run(SpringApplication.java:1303) ~[spring-boot-2.7.16.jar:2.7.16]
	at org.springframework.boot.SpringApplication.run(SpringApplication.java:1292) ~[spring-boot-2.7.16.jar:2.7.16]
	at com.smartcode.ecommerce.ECommerceApplication.main(ECommerceApplication.java:13) ~[classes/:na]
	at java.base/jdk.internal.reflect.NativeMethodAccessorImpl.invoke0(Native Method) ~[na:na]
	at java.base/jdk.internal.reflect.NativeMethodAccessorImpl.invoke(NativeMethodAccessorImpl.java:77) ~[na:na]
	at java.base/jdk.internal.reflect.DelegatingMethodAccessorImpl.invoke(DelegatingMethodAccessorImpl.java:43) ~[na:na]
	at java.base/java.lang.reflect.Method.invoke(Method.java:568) ~[na:na]
	at org.springframework.boot.devtools.restart.RestartLauncher.run(RestartLauncher.java:50) ~[spring-boot-devtools-2.7.16.jar:2.7.16]
Caused by: javax.persistence.PersistenceException: [PersistenceUnit: default] Unable to build Hibernate SessionFactory; nested exception is org.hibernate.tool.schema.spi.SchemaManagementException: Schema-validation: missing table [users_cart]
	at org.springframework.orm.jpa.AbstractEntityManagerFactoryBean.buildNativeEntityManagerFactory(AbstractEntityManagerFactoryBean.java:421) ~[spring-orm-5.3.30.jar:5.3.30]
	at org.springframework.orm.jpa.AbstractEntityManagerFactoryBean.afterPropertiesSet(AbstractEntityManagerFactoryBean.java:396) ~[spring-orm-5.3.30.jar:5.3.30]
	at org.springframework.orm.jpa.LocalContainerEntityManagerFactoryBean.afterPropertiesSet(LocalContainerEntityManagerFactoryBean.java:341) ~[spring-orm-5.3.30.jar:5.3.30]
	at org.springframework.beans.factory.support.AbstractAutowireCapableBeanFactory.invokeInitMethods(AbstractAutowireCapableBeanFactory.java:1863) ~[spring-beans-5.3.30.jar:5.3.30]
	at org.springframework.beans.factory.support.AbstractAutowireCapableBeanFactory.initializeBean(AbstractAutowireCapableBeanFactory.java:1800) ~[spring-beans-5.3.30.jar:5.3.30]
	... 21 common frames omitted
Caused by: org.hibernate.tool.schema.spi.SchemaManagementException: Schema-validation: missing table [users_cart]
	at org.hibernate.tool.schema.internal.AbstractSchemaValidator.validateTable(AbstractSchemaValidator.java:129) ~[hibernate-core-5.6.15.Final.jar:5.6.15.Final]
	at org.hibernate.tool.schema.internal.GroupedSchemaValidatorImpl.validateTables(GroupedSchemaValidatorImpl.java:42) ~[hibernate-core-5.6.15.Final.jar:5.6.15.Final]
	at org.hibernate.tool.schema.internal.AbstractSchemaValidator.performValidation(AbstractSchemaValidator.java:97) ~[hibernate-core-5.6.15.Final.jar:5.6.15.Final]
	at org.hibernate.tool.schema.internal.AbstractSchemaValidator.doValidation(AbstractSchemaValidator.java:76) ~[hibernate-core-5.6.15.Final.jar:5.6.15.Final]
	at org.hibernate.tool.schema.spi.SchemaManagementToolCoordinator.performDatabaseAction(SchemaManagementToolCoordinator.java:204) ~[hibernate-core-5.6.15.Final.jar:5.6.15.Final]
	at org.hibernate.tool.schema.spi.SchemaManagementToolCoordinator.process(SchemaManagementToolCoordinator.java:85) ~[hibernate-core-5.6.15.Final.jar:5.6.15.Final]
	at org.hibernate.internal.SessionFactoryImpl.<init>(SessionFactoryImpl.java:335) ~[hibernate-core-5.6.15.Final.jar:5.6.15.Final]
	at org.hibernate.boot.internal.SessionFactoryBuilderImpl.build(SessionFactoryBuilderImpl.java:471) ~[hibernate-core-5.6.15.Final.jar:5.6.15.Final]
	at org.hibernate.jpa.boot.internal.EntityManagerFactoryBuilderImpl.build(EntityManagerFactoryBuilderImpl.java:1498) ~[hibernate-core-5.6.15.Final.jar:5.6.15.Final]
	at org.springframework.orm.jpa.vendor.SpringHibernateJpaPersistenceProvider.createContainerEntityManagerFactory(SpringHibernateJpaPersistenceProvider.java:58) ~[spring-orm-5.3.30.jar:5.3.30]
	at org.springframework.orm.jpa.LocalContainerEntityManagerFactoryBean.createNativeEntityManagerFactory(LocalContainerEntityManagerFactoryBean.java:365) ~[spring-orm-5.3.30.jar:5.3.30]
	at org.springframework.orm.jpa.AbstractEntityManagerFactoryBean.buildNativeEntityManagerFactory(AbstractEntityManagerFactoryBean.java:409) ~[spring-orm-5.3.30.jar:5.3.30]
	... 25 common frames omitted

2023-10-30 00:58:42.679  INFO 2694 --- [restartedMain] c.s.ecommerce.ECommerceApplication       : Starting ECommerceApplication using Java 17.0.8.1 on Marks-MacBook-Air.local with PID 2694 (/Users/msetrakyan/IdeaProjects/e-commerce/target/classes started by msetrakyan in /Users/msetrakyan/IdeaProjects/e-commerce)
2023-10-30 00:58:42.679  INFO 2694 --- [restartedMain] c.s.ecommerce.ECommerceApplication       : No active profile set, falling back to 1 default profile: "default"
2023-10-30 00:58:42.700  INFO 2694 --- [restartedMain] .e.DevToolsPropertyDefaultsPostProcessor : Devtools property defaults active! Set 'spring.devtools.add-properties' to 'false' to disable
2023-10-30 00:58:42.996  INFO 2694 --- [restartedMain] .s.d.r.c.RepositoryConfigurationDelegate : Bootstrapping Spring Data JPA repositories in DEFAULT mode.
2023-10-30 00:58:43.021  INFO 2694 --- [restartedMain] .s.d.r.c.RepositoryConfigurationDelegate : Finished Spring Data repository scanning in 22 ms. Found 3 JPA repository interfaces.
2023-10-30 00:58:43.103  INFO 2694 --- [restartedMain] o.s.cloud.context.scope.GenericScope     : BeanFactory id=874333b7-e02c-326e-94c7-4db25e752acd
2023-10-30 00:58:43.414  INFO 2694 --- [restartedMain] o.s.b.w.embedded.tomcat.TomcatWebServer  : Tomcat initialized with port(s): 8080 (http)
2023-10-30 00:58:43.418  INFO 2694 --- [restartedMain] o.apache.catalina.core.StandardService   : Starting service [Tomcat]
2023-10-30 00:58:43.418  INFO 2694 --- [restartedMain] org.apache.catalina.core.StandardEngine  : Starting Servlet engine: [Apache Tomcat/9.0.80]
2023-10-30 00:58:43.454  INFO 2694 --- [restartedMain] o.a.c.c.C.[Tomcat].[localhost].[/]       : Initializing Spring embedded WebApplicationContext
2023-10-30 00:58:43.454  INFO 2694 --- [restartedMain] w.s.c.ServletWebServerApplicationContext : Root WebApplicationContext: initialization completed in 753 ms
2023-10-30 00:58:43.559  INFO 2694 --- [restartedMain] com.zaxxer.hikari.HikariDataSource       : HikariPool-1 - Starting...
2023-10-30 00:58:43.629  INFO 2694 --- [restartedMain] com.zaxxer.hikari.HikariDataSource       : HikariPool-1 - Start completed.
2023-10-30 00:58:43.683  INFO 2694 --- [restartedMain] liquibase.database                       : Set default schema name to public
2023-10-30 00:58:43.726  INFO 2694 --- [restartedMain] liquibase.lockservice                    : Successfully acquired change log lock
2023-10-30 00:58:43.811  INFO 2694 --- [restartedMain] liquibase.changelog                      : Creating database history table with name: public.databasechangelog
2023-10-30 00:58:43.814  INFO 2694 --- [restartedMain] liquibase.changelog                      : Reading from public.databasechangelog
2023-10-30 00:58:43.850  INFO 2694 --- [restartedMain] liquibase.changelog                      : SQL in file classpath:/db/changelog/V1_Initialization.sql executed
2023-10-30 00:58:43.851  INFO 2694 --- [restartedMain] liquibase.changelog                      : ChangeSet classpath:/db/changelog/db.changelog-master.yaml::1::Mark ran successfully in 20ms
2023-10-30 00:58:43.859  INFO 2694 --- [restartedMain] liquibase.changelog                      : SQL in file classpath:/db/changelog/V2_Initialization.sql executed
2023-10-30 00:58:43.860  INFO 2694 --- [restartedMain] liquibase.changelog                      : ChangeSet classpath:/db/changelog/db.changelog-master.yaml::2::Mark ran successfully in 3ms
2023-10-30 00:58:43.862  INFO 2694 --- [restartedMain] liquibase.lockservice                    : Successfully released change log lock
2023-10-30 00:58:43.901  INFO 2694 --- [restartedMain] o.hibernate.jpa.internal.util.LogHelper  : HHH000204: Processing PersistenceUnitInfo [name: default]
2023-10-30 00:58:43.921  INFO 2694 --- [restartedMain] org.hibernate.Version                    : HHH000412: Hibernate ORM core version 5.6.15.Final
2023-10-30 00:58:43.981  INFO 2694 --- [restartedMain] o.hibernate.annotations.common.Version   : HCANN000001: Hibernate Commons Annotations {5.1.2.Final}
2023-10-30 00:58:44.028  INFO 2694 --- [restartedMain] org.hibernate.dialect.Dialect            : HHH000400: Using dialect: org.hibernate.dialect.PostgreSQL10Dialect
2023-10-30 00:58:44.308 ERROR 2694 --- [restartedMain] j.LocalContainerEntityManagerFactoryBean : Failed to initialize JPA EntityManagerFactory: [PersistenceUnit: default] Unable to build Hibernate SessionFactory; nested exception is org.hibernate.tool.schema.spi.SchemaManagementException: Schema-validation: missing table [users_cart]
2023-10-30 00:58:44.309  WARN 2694 --- [restartedMain] ConfigServletWebServerApplicationContext : Exception encountered during context initialization - cancelling refresh attempt: org.springframework.beans.factory.BeanCreationException: Error creating bean with name 'entityManagerFactory' defined in class path resource [org/springframework/boot/autoconfigure/orm/jpa/HibernateJpaConfiguration.class]: Invocation of init method failed; nested exception is javax.persistence.PersistenceException: [PersistenceUnit: default] Unable to build Hibernate SessionFactory; nested exception is org.hibernate.tool.schema.spi.SchemaManagementException: Schema-validation: missing table [users_cart]
2023-10-30 00:58:44.310  INFO 2694 --- [restartedMain] com.zaxxer.hikari.HikariDataSource       : HikariPool-1 - Shutdown initiated...
2023-10-30 00:58:44.311  INFO 2694 --- [restartedMain] com.zaxxer.hikari.HikariDataSource       : HikariPool-1 - Shutdown completed.
2023-10-30 00:58:44.311  INFO 2694 --- [restartedMain] o.apache.catalina.core.StandardService   : Stopping service [Tomcat]
2023-10-30 00:58:44.318  INFO 2694 --- [restartedMain] ConditionEvaluationReportLoggingListener : 

Error starting ApplicationContext. To display the conditions report re-run your application with 'debug' enabled.
2023-10-30 00:58:44.327 ERROR 2694 --- [restartedMain] o.s.boot.SpringApplication               : Application run failed

org.springframework.beans.factory.BeanCreationException: Error creating bean with name 'entityManagerFactory' defined in class path resource [org/springframework/boot/autoconfigure/orm/jpa/HibernateJpaConfiguration.class]: Invocation of init method failed; nested exception is javax.persistence.PersistenceException: [PersistenceUnit: default] Unable to build Hibernate SessionFactory; nested exception is org.hibernate.tool.schema.spi.SchemaManagementException: Schema-validation: missing table [users_cart]
	at org.springframework.beans.factory.support.AbstractAutowireCapableBeanFactory.initializeBean(AbstractAutowireCapableBeanFactory.java:1804) ~[spring-beans-5.3.30.jar:5.3.30]
	at org.springframework.beans.factory.support.AbstractAutowireCapableBeanFactory.doCreateBean(AbstractAutowireCapableBeanFactory.java:620) ~[spring-beans-5.3.30.jar:5.3.30]
	at org.springframework.beans.factory.support.AbstractAutowireCapableBeanFactory.createBean(AbstractAutowireCapableBeanFactory.java:542) ~[spring-beans-5.3.30.jar:5.3.30]
	at org.springframework.beans.factory.support.AbstractBeanFactory.lambda$doGetBean$0(AbstractBeanFactory.java:335) ~[spring-beans-5.3.30.jar:5.3.30]
	at org.springframework.beans.factory.support.DefaultSingletonBeanRegistry.getSingleton(DefaultSingletonBeanRegistry.java:234) ~[spring-beans-5.3.30.jar:5.3.30]
	at org.springframework.beans.factory.support.AbstractBeanFactory.doGetBean(AbstractBeanFactory.java:333) ~[spring-beans-5.3.30.jar:5.3.30]
	at org.springframework.beans.factory.support.AbstractBeanFactory.getBean(AbstractBeanFactory.java:208) ~[spring-beans-5.3.30.jar:5.3.30]
	at org.springframework.context.support.AbstractApplicationContext.getBean(AbstractApplicationContext.java:1160) ~[spring-context-5.3.30.jar:5.3.30]
	at org.springframework.context.support.AbstractApplicationContext.finishBeanFactoryInitialization(AbstractApplicationContext.java:911) ~[spring-context-5.3.30.jar:5.3.30]
	at org.springframework.context.support.AbstractApplicationContext.refresh(AbstractApplicationContext.java:583) ~[spring-context-5.3.30.jar:5.3.30]
	at org.springframework.boot.web.servlet.context.ServletWebServerApplicationContext.refresh(ServletWebServerApplicationContext.java:147) ~[spring-boot-2.7.16.jar:2.7.16]
	at org.springframework.boot.SpringApplication.refresh(SpringApplication.java:731) ~[spring-boot-2.7.16.jar:2.7.16]
	at org.springframework.boot.SpringApplication.refreshContext(SpringApplication.java:408) ~[spring-boot-2.7.16.jar:2.7.16]
	at org.springframework.boot.SpringApplication.run(SpringApplication.java:307) ~[spring-boot-2.7.16.jar:2.7.16]
	at org.springframework.boot.SpringApplication.run(SpringApplication.java:1303) ~[spring-boot-2.7.16.jar:2.7.16]
	at org.springframework.boot.SpringApplication.run(SpringApplication.java:1292) ~[spring-boot-2.7.16.jar:2.7.16]
	at com.smartcode.ecommerce.ECommerceApplication.main(ECommerceApplication.java:13) ~[classes/:na]
	at java.base/jdk.internal.reflect.NativeMethodAccessorImpl.invoke0(Native Method) ~[na:na]
	at java.base/jdk.internal.reflect.NativeMethodAccessorImpl.invoke(NativeMethodAccessorImpl.java:77) ~[na:na]
	at java.base/jdk.internal.reflect.DelegatingMethodAccessorImpl.invoke(DelegatingMethodAccessorImpl.java:43) ~[na:na]
	at java.base/java.lang.reflect.Method.invoke(Method.java:568) ~[na:na]
	at org.springframework.boot.devtools.restart.RestartLauncher.run(RestartLauncher.java:50) ~[spring-boot-devtools-2.7.16.jar:2.7.16]
Caused by: javax.persistence.PersistenceException: [PersistenceUnit: default] Unable to build Hibernate SessionFactory; nested exception is org.hibernate.tool.schema.spi.SchemaManagementException: Schema-validation: missing table [users_cart]
	at org.springframework.orm.jpa.AbstractEntityManagerFactoryBean.buildNativeEntityManagerFactory(AbstractEntityManagerFactoryBean.java:421) ~[spring-orm-5.3.30.jar:5.3.30]
	at org.springframework.orm.jpa.AbstractEntityManagerFactoryBean.afterPropertiesSet(AbstractEntityManagerFactoryBean.java:396) ~[spring-orm-5.3.30.jar:5.3.30]
	at org.springframework.orm.jpa.LocalContainerEntityManagerFactoryBean.afterPropertiesSet(LocalContainerEntityManagerFactoryBean.java:341) ~[spring-orm-5.3.30.jar:5.3.30]
	at org.springframework.beans.factory.support.AbstractAutowireCapableBeanFactory.invokeInitMethods(AbstractAutowireCapableBeanFactory.java:1863) ~[spring-beans-5.3.30.jar:5.3.30]
	at org.springframework.beans.factory.support.AbstractAutowireCapableBeanFactory.initializeBean(AbstractAutowireCapableBeanFactory.java:1800) ~[spring-beans-5.3.30.jar:5.3.30]
	... 21 common frames omitted
Caused by: org.hibernate.tool.schema.spi.SchemaManagementException: Schema-validation: missing table [users_cart]
	at org.hibernate.tool.schema.internal.AbstractSchemaValidator.validateTable(AbstractSchemaValidator.java:129) ~[hibernate-core-5.6.15.Final.jar:5.6.15.Final]
	at org.hibernate.tool.schema.internal.GroupedSchemaValidatorImpl.validateTables(GroupedSchemaValidatorImpl.java:42) ~[hibernate-core-5.6.15.Final.jar:5.6.15.Final]
	at org.hibernate.tool.schema.internal.AbstractSchemaValidator.performValidation(AbstractSchemaValidator.java:97) ~[hibernate-core-5.6.15.Final.jar:5.6.15.Final]
	at org.hibernate.tool.schema.internal.AbstractSchemaValidator.doValidation(AbstractSchemaValidator.java:76) ~[hibernate-core-5.6.15.Final.jar:5.6.15.Final]
	at org.hibernate.tool.schema.spi.SchemaManagementToolCoordinator.performDatabaseAction(SchemaManagementToolCoordinator.java:204) ~[hibernate-core-5.6.15.Final.jar:5.6.15.Final]
	at org.hibernate.tool.schema.spi.SchemaManagementToolCoordinator.process(SchemaManagementToolCoordinator.java:85) ~[hibernate-core-5.6.15.Final.jar:5.6.15.Final]
	at org.hibernate.internal.SessionFactoryImpl.<init>(SessionFactoryImpl.java:335) ~[hibernate-core-5.6.15.Final.jar:5.6.15.Final]
	at org.hibernate.boot.internal.SessionFactoryBuilderImpl.build(SessionFactoryBuilderImpl.java:471) ~[hibernate-core-5.6.15.Final.jar:5.6.15.Final]
	at org.hibernate.jpa.boot.internal.EntityManagerFactoryBuilderImpl.build(EntityManagerFactoryBuilderImpl.java:1498) ~[hibernate-core-5.6.15.Final.jar:5.6.15.Final]
	at org.springframework.orm.jpa.vendor.SpringHibernateJpaPersistenceProvider.createContainerEntityManagerFactory(SpringHibernateJpaPersistenceProvider.java:58) ~[spring-orm-5.3.30.jar:5.3.30]
	at org.springframework.orm.jpa.LocalContainerEntityManagerFactoryBean.createNativeEntityManagerFactory(LocalContainerEntityManagerFactoryBean.java:365) ~[spring-orm-5.3.30.jar:5.3.30]
	at org.springframework.orm.jpa.AbstractEntityManagerFactoryBean.buildNativeEntityManagerFactory(AbstractEntityManagerFactoryBean.java:409) ~[spring-orm-5.3.30.jar:5.3.30]
	... 25 common frames omitted

2023-10-30 00:59:38.637  INFO 2724 --- [restartedMain] c.s.ecommerce.ECommerceApplication       : Starting ECommerceApplication using Java 17.0.8.1 on Marks-MacBook-Air.local with PID 2724 (/Users/msetrakyan/IdeaProjects/e-commerce/target/classes started by msetrakyan in /Users/msetrakyan/IdeaProjects/e-commerce)
2023-10-30 00:59:38.637  INFO 2724 --- [restartedMain] c.s.ecommerce.ECommerceApplication       : No active profile set, falling back to 1 default profile: "default"
2023-10-30 00:59:38.659  INFO 2724 --- [restartedMain] .e.DevToolsPropertyDefaultsPostProcessor : Devtools property defaults active! Set 'spring.devtools.add-properties' to 'false' to disable
2023-10-30 00:59:38.974  INFO 2724 --- [restartedMain] .s.d.r.c.RepositoryConfigurationDelegate : Bootstrapping Spring Data JPA repositories in DEFAULT mode.
2023-10-30 00:59:38.996  INFO 2724 --- [restartedMain] .s.d.r.c.RepositoryConfigurationDelegate : Finished Spring Data repository scanning in 19 ms. Found 3 JPA repository interfaces.
2023-10-30 00:59:39.081  INFO 2724 --- [restartedMain] o.s.cloud.context.scope.GenericScope     : BeanFactory id=874333b7-e02c-326e-94c7-4db25e752acd
2023-10-30 00:59:39.375  INFO 2724 --- [restartedMain] o.s.b.w.embedded.tomcat.TomcatWebServer  : Tomcat initialized with port(s): 8080 (http)
2023-10-30 00:59:39.379  INFO 2724 --- [restartedMain] o.apache.catalina.core.StandardService   : Starting service [Tomcat]
2023-10-30 00:59:39.379  INFO 2724 --- [restartedMain] org.apache.catalina.core.StandardEngine  : Starting Servlet engine: [Apache Tomcat/9.0.80]
2023-10-30 00:59:39.416  INFO 2724 --- [restartedMain] o.a.c.c.C.[Tomcat].[localhost].[/]       : Initializing Spring embedded WebApplicationContext
2023-10-30 00:59:39.416  INFO 2724 --- [restartedMain] w.s.c.ServletWebServerApplicationContext : Root WebApplicationContext: initialization completed in 756 ms
2023-10-30 00:59:39.520  INFO 2724 --- [restartedMain] com.zaxxer.hikari.HikariDataSource       : HikariPool-1 - Starting...
2023-10-30 00:59:39.598  INFO 2724 --- [restartedMain] com.zaxxer.hikari.HikariDataSource       : HikariPool-1 - Start completed.
2023-10-30 00:59:39.650  INFO 2724 --- [restartedMain] liquibase.database                       : Set default schema name to public
2023-10-30 00:59:39.682  INFO 2724 --- [restartedMain] liquibase.lockservice                    : Successfully acquired change log lock
2023-10-30 00:59:39.820  INFO 2724 --- [restartedMain] liquibase.changelog                      : Reading from public.databasechangelog
2023-10-30 00:59:39.837  INFO 2724 --- [restartedMain] liquibase.lockservice                    : Successfully released change log lock
2023-10-30 00:59:39.870  INFO 2724 --- [restartedMain] o.hibernate.jpa.internal.util.LogHelper  : HHH000204: Processing PersistenceUnitInfo [name: default]
2023-10-30 00:59:39.889  INFO 2724 --- [restartedMain] org.hibernate.Version                    : HHH000412: Hibernate ORM core version 5.6.15.Final
2023-10-30 00:59:39.947  INFO 2724 --- [restartedMain] o.hibernate.annotations.common.Version   : HCANN000001: Hibernate Commons Annotations {5.1.2.Final}
2023-10-30 00:59:39.989  INFO 2724 --- [restartedMain] org.hibernate.dialect.Dialect            : HHH000400: Using dialect: org.hibernate.dialect.PostgreSQL10Dialect
2023-10-30 00:59:40.287  INFO 2724 --- [restartedMain] o.h.e.t.j.p.i.JtaPlatformInitiator       : HHH000490: Using JtaPlatform implementation: [org.hibernate.engine.transaction.jta.platform.internal.NoJtaPlatform]
2023-10-30 00:59:40.291  INFO 2724 --- [restartedMain] j.LocalContainerEntityManagerFactoryBean : Initialized JPA EntityManagerFactory for persistence unit 'default'
2023-10-30 00:59:40.567  WARN 2724 --- [restartedMain] JpaBaseConfiguration$JpaWebConfiguration : spring.jpa.open-in-view is enabled by default. Therefore, database queries may be performed during view rendering. Explicitly configure spring.jpa.open-in-view to disable this warning
2023-10-30 00:59:40.597  INFO 2724 --- [restartedMain] o.s.b.d.a.OptionalLiveReloadServer       : LiveReload server is running on port 35729
2023-10-30 00:59:40.701  INFO 2724 --- [restartedMain] o.s.s.web.DefaultSecurityFilterChain     : Will secure any request with [org.springframework.security.web.session.DisableEncodeUrlFilter@16cfcf2b, org.springframework.security.web.context.request.async.WebAsyncManagerIntegrationFilter@18d0091a, org.springframework.security.web.context.SecurityContextPersistenceFilter@469fb68b, org.springframework.security.web.header.HeaderWriterFilter@75ab6e4c, org.springframework.security.web.authentication.logout.LogoutFilter@77d93004, com.smartcode.ecommerce.configuration.security.jwt.JwtTokenFilter@58f539c4, org.springframework.security.web.savedrequest.RequestCacheAwareFilter@1cf3b56b, org.springframework.security.web.servletapi.SecurityContextHolderAwareRequestFilter@18e0d257, org.springframework.security.web.authentication.AnonymousAuthenticationFilter@7f1f1537, org.springframework.security.web.session.SessionManagementFilter@6f9d89ba, org.springframework.security.web.access.ExceptionTranslationFilter@4fdede75, org.springframework.security.web.access.intercept.AuthorizationFilter@6ffc2dad]
2023-10-30 00:59:40.967  INFO 2724 --- [restartedMain] o.s.b.w.embedded.tomcat.TomcatWebServer  : Tomcat started on port(s): 8080 (http) with context path ''
2023-10-30 00:59:40.973  INFO 2724 --- [restartedMain] c.s.ecommerce.ECommerceApplication       : Started ECommerceApplication in 2.511 seconds (JVM running for 2.821)
2023-10-30 00:59:44.873  INFO 2724 --- [SpringApplicationShutdownHook] j.LocalContainerEntityManagerFactoryBean : Closing JPA EntityManagerFactory for persistence unit 'default'
2023-10-30 00:59:44.875  INFO 2724 --- [SpringApplicationShutdownHook] com.zaxxer.hikari.HikariDataSource       : HikariPool-1 - Shutdown initiated...
2023-10-30 00:59:44.876  INFO 2724 --- [SpringApplicationShutdownHook] com.zaxxer.hikari.HikariDataSource       : HikariPool-1 - Shutdown completed.
