2023-10-18 18:04:39.068  INFO 18998 --- [restartedMain] c.s.ecommerce.ECommerceApplication       : Starting ECommerceApplication using Java 17.0.8.1 on Marks-MacBook-Air.local with PID 18998 (/Users/msetrakyan/IdeaProjects/e-commerce/target/classes started by msetrakyan in /Users/msetrakyan/IdeaProjects/e-commerce)
2023-10-18 18:04:39.070  INFO 18998 --- [restartedMain] c.s.ecommerce.ECommerceApplication       : No active profile set, falling back to 1 default profile: "default"
2023-10-18 18:04:39.093  INFO 18998 --- [restartedMain] .e.DevToolsPropertyDefaultsPostProcessor : Devtools property defaults active! Set 'spring.devtools.add-properties' to 'false' to disable
2023-10-18 18:04:39.408  INFO 18998 --- [restartedMain] .s.d.r.c.RepositoryConfigurationDelegate : Bootstrapping Spring Data JPA repositories in DEFAULT mode.
2023-10-18 18:04:39.438  INFO 18998 --- [restartedMain] .s.d.r.c.RepositoryConfigurationDelegate : Finished Spring Data repository scanning in 27 ms. Found 3 JPA repository interfaces.
2023-10-18 18:04:39.519  INFO 18998 --- [restartedMain] o.s.cloud.context.scope.GenericScope     : BeanFactory id=073d9a17-e9a2-3d70-a860-d7f649e00124
2023-10-18 18:04:39.826  INFO 18998 --- [restartedMain] o.s.b.w.embedded.tomcat.TomcatWebServer  : Tomcat initialized with port(s): 8080 (http)
2023-10-18 18:04:39.830  INFO 18998 --- [restartedMain] o.apache.catalina.core.StandardService   : Starting service [Tomcat]
2023-10-18 18:04:39.831  INFO 18998 --- [restartedMain] org.apache.catalina.core.StandardEngine  : Starting Servlet engine: [Apache Tomcat/9.0.80]
2023-10-18 18:04:39.866  INFO 18998 --- [restartedMain] o.a.c.c.C.[Tomcat].[localhost].[/]       : Initializing Spring embedded WebApplicationContext
2023-10-18 18:04:39.866  INFO 18998 --- [restartedMain] w.s.c.ServletWebServerApplicationContext : Root WebApplicationContext: initialization completed in 772 ms
2023-10-18 18:04:39.944  INFO 18998 --- [restartedMain] o.hibernate.jpa.internal.util.LogHelper  : HHH000204: Processing PersistenceUnitInfo [name: default]
2023-10-18 18:04:39.966  INFO 18998 --- [restartedMain] org.hibernate.Version                    : HHH000412: Hibernate ORM core version 5.6.15.Final
2023-10-18 18:04:40.032  INFO 18998 --- [restartedMain] o.hibernate.annotations.common.Version   : HCANN000001: Hibernate Commons Annotations {5.1.2.Final}
2023-10-18 18:04:40.074  INFO 18998 --- [restartedMain] com.zaxxer.hikari.HikariDataSource       : HikariPool-1 - Starting...
2023-10-18 18:04:40.153  INFO 18998 --- [restartedMain] com.zaxxer.hikari.HikariDataSource       : HikariPool-1 - Start completed.
2023-10-18 18:04:40.166  INFO 18998 --- [restartedMain] org.hibernate.dialect.Dialect            : HHH000400: Using dialect: org.hibernate.dialect.PostgreSQL10Dialect
2023-10-18 18:04:40.479  INFO 18998 --- [restartedMain] o.h.e.t.j.p.i.JtaPlatformInitiator       : HHH000490: Using JtaPlatform implementation: [org.hibernate.engine.transaction.jta.platform.internal.NoJtaPlatform]
2023-10-18 18:04:40.483  INFO 18998 --- [restartedMain] j.LocalContainerEntityManagerFactoryBean : Initialized JPA EntityManagerFactory for persistence unit 'default'
2023-10-18 18:04:40.738  WARN 18998 --- [restartedMain] ConfigServletWebServerApplicationContext : Exception encountered during context initialization - cancelling refresh attempt: org.springframework.beans.factory.UnsatisfiedDependencyException: Error creating bean with name 'applicationEventListener' defined in file [/Users/msetrakyan/IdeaProjects/e-commerce/target/classes/com/smartcode/ecommerce/publish/listener/ApplicationEventListener.class]: Unsatisfied dependency expressed through constructor parameter 0; nested exception is org.springframework.beans.factory.NoSuchBeanDefinitionException: No qualifying bean of type 'com.smartcode.ecommerce.feign.NotificationFeign' available: expected at least 1 bean which qualifies as autowire candidate. Dependency annotations: {}
2023-10-18 18:04:40.738  INFO 18998 --- [restartedMain] j.LocalContainerEntityManagerFactoryBean : Closing JPA EntityManagerFactory for persistence unit 'default'
2023-10-18 18:04:40.739  INFO 18998 --- [restartedMain] com.zaxxer.hikari.HikariDataSource       : HikariPool-1 - Shutdown initiated...
2023-10-18 18:04:40.740  INFO 18998 --- [restartedMain] com.zaxxer.hikari.HikariDataSource       : HikariPool-1 - Shutdown completed.
2023-10-18 18:04:40.741  INFO 18998 --- [restartedMain] o.apache.catalina.core.StandardService   : Stopping service [Tomcat]
2023-10-18 18:04:40.747  INFO 18998 --- [restartedMain] ConditionEvaluationReportLoggingListener : 

Error starting ApplicationContext. To display the conditions report re-run your application with 'debug' enabled.
2023-10-18 18:04:40.757 ERROR 18998 --- [restartedMain] o.s.b.d.LoggingFailureAnalysisReporter   : 

***************************
APPLICATION FAILED TO START
***************************

Description:

Parameter 0 of constructor in com.smartcode.ecommerce.publish.listener.ApplicationEventListener required a bean of type 'com.smartcode.ecommerce.feign.NotificationFeign' that could not be found.


Action:

Consider defining a bean of type 'com.smartcode.ecommerce.feign.NotificationFeign' in your configuration.

2023-10-18 18:17:43.368  INFO 19167 --- [restartedMain] c.s.ecommerce.ECommerceApplication       : Starting ECommerceApplication using Java 17.0.8.1 on Marks-MacBook-Air.local with PID 19167 (/Users/msetrakyan/IdeaProjects/e-commerce/target/classes started by msetrakyan in /Users/msetrakyan/IdeaProjects/e-commerce)
2023-10-18 18:17:43.368  INFO 19167 --- [restartedMain] c.s.ecommerce.ECommerceApplication       : No active profile set, falling back to 1 default profile: "default"
2023-10-18 18:17:43.385  INFO 19167 --- [restartedMain] .e.DevToolsPropertyDefaultsPostProcessor : Devtools property defaults active! Set 'spring.devtools.add-properties' to 'false' to disable
2023-10-18 18:17:43.707  INFO 19167 --- [restartedMain] .s.d.r.c.RepositoryConfigurationDelegate : Bootstrapping Spring Data JPA repositories in DEFAULT mode.
2023-10-18 18:17:43.732  INFO 19167 --- [restartedMain] .s.d.r.c.RepositoryConfigurationDelegate : Finished Spring Data repository scanning in 21 ms. Found 3 JPA repository interfaces.
2023-10-18 18:17:43.812  INFO 19167 --- [restartedMain] o.s.cloud.context.scope.GenericScope     : BeanFactory id=073d9a17-e9a2-3d70-a860-d7f649e00124
2023-10-18 18:17:44.114  INFO 19167 --- [restartedMain] o.s.b.w.embedded.tomcat.TomcatWebServer  : Tomcat initialized with port(s): 8080 (http)
2023-10-18 18:17:44.118  INFO 19167 --- [restartedMain] o.apache.catalina.core.StandardService   : Starting service [Tomcat]
2023-10-18 18:17:44.118  INFO 19167 --- [restartedMain] org.apache.catalina.core.StandardEngine  : Starting Servlet engine: [Apache Tomcat/9.0.80]
2023-10-18 18:17:44.153  INFO 19167 --- [restartedMain] o.a.c.c.C.[Tomcat].[localhost].[/]       : Initializing Spring embedded WebApplicationContext
2023-10-18 18:17:44.153  INFO 19167 --- [restartedMain] w.s.c.ServletWebServerApplicationContext : Root WebApplicationContext: initialization completed in 768 ms
2023-10-18 18:17:44.233  INFO 19167 --- [restartedMain] o.hibernate.jpa.internal.util.LogHelper  : HHH000204: Processing PersistenceUnitInfo [name: default]
2023-10-18 18:17:44.255  INFO 19167 --- [restartedMain] org.hibernate.Version                    : HHH000412: Hibernate ORM core version 5.6.15.Final
2023-10-18 18:17:44.323  INFO 19167 --- [restartedMain] o.hibernate.annotations.common.Version   : HCANN000001: Hibernate Commons Annotations {5.1.2.Final}
2023-10-18 18:17:44.365  INFO 19167 --- [restartedMain] com.zaxxer.hikari.HikariDataSource       : HikariPool-1 - Starting...
2023-10-18 18:17:44.530  INFO 19167 --- [restartedMain] com.zaxxer.hikari.HikariDataSource       : HikariPool-1 - Start completed.
2023-10-18 18:17:44.548  INFO 19167 --- [restartedMain] org.hibernate.dialect.Dialect            : HHH000400: Using dialect: org.hibernate.dialect.PostgreSQL10Dialect
2023-10-18 18:17:44.862  INFO 19167 --- [restartedMain] o.h.e.t.j.p.i.JtaPlatformInitiator       : HHH000490: Using JtaPlatform implementation: [org.hibernate.engine.transaction.jta.platform.internal.NoJtaPlatform]
2023-10-18 18:17:44.867  INFO 19167 --- [restartedMain] j.LocalContainerEntityManagerFactoryBean : Initialized JPA EntityManagerFactory for persistence unit 'default'
2023-10-18 18:17:45.117  WARN 19167 --- [restartedMain] ConfigServletWebServerApplicationContext : Exception encountered during context initialization - cancelling refresh attempt: org.springframework.beans.factory.UnsatisfiedDependencyException: Error creating bean with name 'applicationEventListener' defined in file [/Users/msetrakyan/IdeaProjects/e-commerce/target/classes/com/smartcode/ecommerce/publish/listener/ApplicationEventListener.class]: Unsatisfied dependency expressed through constructor parameter 0; nested exception is org.springframework.beans.factory.NoSuchBeanDefinitionException: No qualifying bean of type 'com.smartcode.ecommerce.feign.NotificationFeign' available: expected at least 1 bean which qualifies as autowire candidate. Dependency annotations: {}
2023-10-18 18:17:45.118  INFO 19167 --- [restartedMain] j.LocalContainerEntityManagerFactoryBean : Closing JPA EntityManagerFactory for persistence unit 'default'
2023-10-18 18:17:45.119  INFO 19167 --- [restartedMain] com.zaxxer.hikari.HikariDataSource       : HikariPool-1 - Shutdown initiated...
2023-10-18 18:17:45.120  INFO 19167 --- [restartedMain] com.zaxxer.hikari.HikariDataSource       : HikariPool-1 - Shutdown completed.
2023-10-18 18:17:45.121  INFO 19167 --- [restartedMain] o.apache.catalina.core.StandardService   : Stopping service [Tomcat]
2023-10-18 18:17:45.127  INFO 19167 --- [restartedMain] ConditionEvaluationReportLoggingListener : 

Error starting ApplicationContext. To display the conditions report re-run your application with 'debug' enabled.
2023-10-18 18:17:45.137 ERROR 19167 --- [restartedMain] o.s.b.d.LoggingFailureAnalysisReporter   : 

***************************
APPLICATION FAILED TO START
***************************

Description:

Parameter 0 of constructor in com.smartcode.ecommerce.publish.listener.ApplicationEventListener required a bean of type 'com.smartcode.ecommerce.feign.NotificationFeign' that could not be found.


Action:

Consider defining a bean of type 'com.smartcode.ecommerce.feign.NotificationFeign' in your configuration.

2023-10-18 18:18:32.672  INFO 19222 --- [restartedMain] c.s.ecommerce.ECommerceApplication       : Starting ECommerceApplication using Java 17.0.8.1 on Marks-MacBook-Air.local with PID 19222 (/Users/msetrakyan/IdeaProjects/e-commerce/target/classes started by msetrakyan in /Users/msetrakyan/IdeaProjects/e-commerce)
2023-10-18 18:18:32.673  INFO 19222 --- [restartedMain] c.s.ecommerce.ECommerceApplication       : No active profile set, falling back to 1 default profile: "default"
2023-10-18 18:18:32.694  INFO 19222 --- [restartedMain] .e.DevToolsPropertyDefaultsPostProcessor : Devtools property defaults active! Set 'spring.devtools.add-properties' to 'false' to disable
2023-10-18 18:18:33.003  INFO 19222 --- [restartedMain] .s.d.r.c.RepositoryConfigurationDelegate : Bootstrapping Spring Data JPA repositories in DEFAULT mode.
2023-10-18 18:18:33.029  INFO 19222 --- [restartedMain] .s.d.r.c.RepositoryConfigurationDelegate : Finished Spring Data repository scanning in 23 ms. Found 3 JPA repository interfaces.
2023-10-18 18:18:33.113  INFO 19222 --- [restartedMain] o.s.cloud.context.scope.GenericScope     : BeanFactory id=073d9a17-e9a2-3d70-a860-d7f649e00124
2023-10-18 18:18:33.398  INFO 19222 --- [restartedMain] o.s.b.w.embedded.tomcat.TomcatWebServer  : Tomcat initialized with port(s): 8080 (http)
2023-10-18 18:18:33.402  INFO 19222 --- [restartedMain] o.apache.catalina.core.StandardService   : Starting service [Tomcat]
2023-10-18 18:18:33.402  INFO 19222 --- [restartedMain] org.apache.catalina.core.StandardEngine  : Starting Servlet engine: [Apache Tomcat/9.0.80]
2023-10-18 18:18:33.437  INFO 19222 --- [restartedMain] o.a.c.c.C.[Tomcat].[localhost].[/]       : Initializing Spring embedded WebApplicationContext
2023-10-18 18:18:33.438  INFO 19222 --- [restartedMain] w.s.c.ServletWebServerApplicationContext : Root WebApplicationContext: initialization completed in 743 ms
2023-10-18 18:18:33.523  INFO 19222 --- [restartedMain] o.hibernate.jpa.internal.util.LogHelper  : HHH000204: Processing PersistenceUnitInfo [name: default]
2023-10-18 18:18:33.544  INFO 19222 --- [restartedMain] org.hibernate.Version                    : HHH000412: Hibernate ORM core version 5.6.15.Final
2023-10-18 18:18:33.608  INFO 19222 --- [restartedMain] o.hibernate.annotations.common.Version   : HCANN000001: Hibernate Commons Annotations {5.1.2.Final}
2023-10-18 18:18:33.646  INFO 19222 --- [restartedMain] com.zaxxer.hikari.HikariDataSource       : HikariPool-1 - Starting...
2023-10-18 18:18:33.706  INFO 19222 --- [restartedMain] com.zaxxer.hikari.HikariDataSource       : HikariPool-1 - Start completed.
2023-10-18 18:18:33.719  INFO 19222 --- [restartedMain] org.hibernate.dialect.Dialect            : HHH000400: Using dialect: org.hibernate.dialect.PostgreSQL10Dialect
2023-10-18 18:18:33.999  INFO 19222 --- [restartedMain] o.h.e.t.j.p.i.JtaPlatformInitiator       : HHH000490: Using JtaPlatform implementation: [org.hibernate.engine.transaction.jta.platform.internal.NoJtaPlatform]
2023-10-18 18:18:34.003  INFO 19222 --- [restartedMain] j.LocalContainerEntityManagerFactoryBean : Initialized JPA EntityManagerFactory for persistence unit 'default'
2023-10-18 18:18:34.275  WARN 19222 --- [restartedMain] ConfigServletWebServerApplicationContext : Exception encountered during context initialization - cancelling refresh attempt: org.springframework.beans.factory.UnsatisfiedDependencyException: Error creating bean with name 'applicationEventListener' defined in file [/Users/msetrakyan/IdeaProjects/e-commerce/target/classes/com/smartcode/ecommerce/publish/listener/ApplicationEventListener.class]: Unsatisfied dependency expressed through constructor parameter 0; nested exception is org.springframework.beans.factory.NoSuchBeanDefinitionException: No qualifying bean of type 'com.smartcode.ecommerce.feign.NotificationFeign' available: expected at least 1 bean which qualifies as autowire candidate. Dependency annotations: {}
2023-10-18 18:18:34.276  INFO 19222 --- [restartedMain] j.LocalContainerEntityManagerFactoryBean : Closing JPA EntityManagerFactory for persistence unit 'default'
2023-10-18 18:18:34.277  INFO 19222 --- [restartedMain] com.zaxxer.hikari.HikariDataSource       : HikariPool-1 - Shutdown initiated...
2023-10-18 18:18:34.278  INFO 19222 --- [restartedMain] com.zaxxer.hikari.HikariDataSource       : HikariPool-1 - Shutdown completed.
2023-10-18 18:18:34.280  INFO 19222 --- [restartedMain] o.apache.catalina.core.StandardService   : Stopping service [Tomcat]
2023-10-18 18:18:34.286  INFO 19222 --- [restartedMain] ConditionEvaluationReportLoggingListener : 

Error starting ApplicationContext. To display the conditions report re-run your application with 'debug' enabled.
2023-10-18 18:18:34.295 ERROR 19222 --- [restartedMain] o.s.b.d.LoggingFailureAnalysisReporter   : 

***************************
APPLICATION FAILED TO START
***************************

Description:

Parameter 0 of constructor in com.smartcode.ecommerce.publish.listener.ApplicationEventListener required a bean of type 'com.smartcode.ecommerce.feign.NotificationFeign' that could not be found.


Action:

Consider defining a bean of type 'com.smartcode.ecommerce.feign.NotificationFeign' in your configuration.

2023-10-18 18:19:15.905  INFO 19245 --- [restartedMain] c.s.ecommerce.ECommerceApplication       : Starting ECommerceApplication using Java 17.0.8.1 on Marks-MacBook-Air.local with PID 19245 (/Users/msetrakyan/IdeaProjects/e-commerce/target/classes started by msetrakyan in /Users/msetrakyan/IdeaProjects/e-commerce)
2023-10-18 18:19:15.906  INFO 19245 --- [restartedMain] c.s.ecommerce.ECommerceApplication       : No active profile set, falling back to 1 default profile: "default"
2023-10-18 18:19:15.927  INFO 19245 --- [restartedMain] .e.DevToolsPropertyDefaultsPostProcessor : Devtools property defaults active! Set 'spring.devtools.add-properties' to 'false' to disable
2023-10-18 18:19:16.224  INFO 19245 --- [restartedMain] .s.d.r.c.RepositoryConfigurationDelegate : Bootstrapping Spring Data JPA repositories in DEFAULT mode.
2023-10-18 18:19:16.250  INFO 19245 --- [restartedMain] .s.d.r.c.RepositoryConfigurationDelegate : Finished Spring Data repository scanning in 24 ms. Found 3 JPA repository interfaces.
2023-10-18 18:19:16.331  INFO 19245 --- [restartedMain] o.s.cloud.context.scope.GenericScope     : BeanFactory id=073d9a17-e9a2-3d70-a860-d7f649e00124
2023-10-18 18:19:16.609  INFO 19245 --- [restartedMain] o.s.b.w.embedded.tomcat.TomcatWebServer  : Tomcat initialized with port(s): 8080 (http)
2023-10-18 18:19:16.613  INFO 19245 --- [restartedMain] o.apache.catalina.core.StandardService   : Starting service [Tomcat]
2023-10-18 18:19:16.613  INFO 19245 --- [restartedMain] org.apache.catalina.core.StandardEngine  : Starting Servlet engine: [Apache Tomcat/9.0.80]
2023-10-18 18:19:16.648  INFO 19245 --- [restartedMain] o.a.c.c.C.[Tomcat].[localhost].[/]       : Initializing Spring embedded WebApplicationContext
2023-10-18 18:19:16.648  INFO 19245 --- [restartedMain] w.s.c.ServletWebServerApplicationContext : Root WebApplicationContext: initialization completed in 721 ms
2023-10-18 18:19:16.722  INFO 19245 --- [restartedMain] o.hibernate.jpa.internal.util.LogHelper  : HHH000204: Processing PersistenceUnitInfo [name: default]
2023-10-18 18:19:16.742  INFO 19245 --- [restartedMain] org.hibernate.Version                    : HHH000412: Hibernate ORM core version 5.6.15.Final
2023-10-18 18:19:16.802  INFO 19245 --- [restartedMain] o.hibernate.annotations.common.Version   : HCANN000001: Hibernate Commons Annotations {5.1.2.Final}
2023-10-18 18:19:16.839  INFO 19245 --- [restartedMain] com.zaxxer.hikari.HikariDataSource       : HikariPool-1 - Starting...
2023-10-18 18:19:16.917  INFO 19245 --- [restartedMain] com.zaxxer.hikari.HikariDataSource       : HikariPool-1 - Start completed.
2023-10-18 18:19:16.931  INFO 19245 --- [restartedMain] org.hibernate.dialect.Dialect            : HHH000400: Using dialect: org.hibernate.dialect.PostgreSQL10Dialect
2023-10-18 18:19:17.204  INFO 19245 --- [restartedMain] o.h.e.t.j.p.i.JtaPlatformInitiator       : HHH000490: Using JtaPlatform implementation: [org.hibernate.engine.transaction.jta.platform.internal.NoJtaPlatform]
2023-10-18 18:19:17.208  INFO 19245 --- [restartedMain] j.LocalContainerEntityManagerFactoryBean : Initialized JPA EntityManagerFactory for persistence unit 'default'
2023-10-18 18:19:17.458  WARN 19245 --- [restartedMain] ConfigServletWebServerApplicationContext : Exception encountered during context initialization - cancelling refresh attempt: org.springframework.beans.factory.UnsatisfiedDependencyException: Error creating bean with name 'applicationEventListener' defined in file [/Users/msetrakyan/IdeaProjects/e-commerce/target/classes/com/smartcode/ecommerce/publish/listener/ApplicationEventListener.class]: Unsatisfied dependency expressed through constructor parameter 0; nested exception is org.springframework.beans.factory.NoSuchBeanDefinitionException: No qualifying bean of type 'com.smartcode.ecommerce.feign.NotificationFeign' available: expected at least 1 bean which qualifies as autowire candidate. Dependency annotations: {}
2023-10-18 18:19:17.459  INFO 19245 --- [restartedMain] j.LocalContainerEntityManagerFactoryBean : Closing JPA EntityManagerFactory for persistence unit 'default'
2023-10-18 18:19:17.460  INFO 19245 --- [restartedMain] com.zaxxer.hikari.HikariDataSource       : HikariPool-1 - Shutdown initiated...
2023-10-18 18:19:17.461  INFO 19245 --- [restartedMain] com.zaxxer.hikari.HikariDataSource       : HikariPool-1 - Shutdown completed.
2023-10-18 18:19:17.463  INFO 19245 --- [restartedMain] o.apache.catalina.core.StandardService   : Stopping service [Tomcat]
2023-10-18 18:19:17.469  INFO 19245 --- [restartedMain] ConditionEvaluationReportLoggingListener : 

Error starting ApplicationContext. To display the conditions report re-run your application with 'debug' enabled.
2023-10-18 18:19:17.478 ERROR 19245 --- [restartedMain] o.s.b.d.LoggingFailureAnalysisReporter   : 

***************************
APPLICATION FAILED TO START
***************************

Description:

Parameter 0 of constructor in com.smartcode.ecommerce.publish.listener.ApplicationEventListener required a bean of type 'com.smartcode.ecommerce.feign.NotificationFeign' that could not be found.


Action:

Consider defining a bean of type 'com.smartcode.ecommerce.feign.NotificationFeign' in your configuration.

2023-10-18 18:19:45.722  INFO 19267 --- [restartedMain] c.s.ecommerce.ECommerceApplication       : Starting ECommerceApplication using Java 17.0.8.1 on Marks-MacBook-Air.local with PID 19267 (/Users/msetrakyan/IdeaProjects/e-commerce/target/classes started by msetrakyan in /Users/msetrakyan/IdeaProjects/e-commerce)
2023-10-18 18:19:45.723  INFO 19267 --- [restartedMain] c.s.ecommerce.ECommerceApplication       : No active profile set, falling back to 1 default profile: "default"
2023-10-18 18:19:45.746  INFO 19267 --- [restartedMain] .e.DevToolsPropertyDefaultsPostProcessor : Devtools property defaults active! Set 'spring.devtools.add-properties' to 'false' to disable
2023-10-18 18:19:46.051  INFO 19267 --- [restartedMain] .s.d.r.c.RepositoryConfigurationDelegate : Bootstrapping Spring Data JPA repositories in DEFAULT mode.
2023-10-18 18:19:46.074  INFO 19267 --- [restartedMain] .s.d.r.c.RepositoryConfigurationDelegate : Finished Spring Data repository scanning in 20 ms. Found 3 JPA repository interfaces.
2023-10-18 18:19:46.153  INFO 19267 --- [restartedMain] o.s.cloud.context.scope.GenericScope     : BeanFactory id=073d9a17-e9a2-3d70-a860-d7f649e00124
2023-10-18 18:19:46.434  INFO 19267 --- [restartedMain] o.s.b.w.embedded.tomcat.TomcatWebServer  : Tomcat initialized with port(s): 8080 (http)
2023-10-18 18:19:46.438  INFO 19267 --- [restartedMain] o.apache.catalina.core.StandardService   : Starting service [Tomcat]
2023-10-18 18:19:46.438  INFO 19267 --- [restartedMain] org.apache.catalina.core.StandardEngine  : Starting Servlet engine: [Apache Tomcat/9.0.80]
2023-10-18 18:19:46.474  INFO 19267 --- [restartedMain] o.a.c.c.C.[Tomcat].[localhost].[/]       : Initializing Spring embedded WebApplicationContext
2023-10-18 18:19:46.474  INFO 19267 --- [restartedMain] w.s.c.ServletWebServerApplicationContext : Root WebApplicationContext: initialization completed in 728 ms
2023-10-18 18:19:46.549  INFO 19267 --- [restartedMain] o.hibernate.jpa.internal.util.LogHelper  : HHH000204: Processing PersistenceUnitInfo [name: default]
2023-10-18 18:19:46.567  INFO 19267 --- [restartedMain] org.hibernate.Version                    : HHH000412: Hibernate ORM core version 5.6.15.Final
2023-10-18 18:19:46.627  INFO 19267 --- [restartedMain] o.hibernate.annotations.common.Version   : HCANN000001: Hibernate Commons Annotations {5.1.2.Final}
2023-10-18 18:19:46.664  INFO 19267 --- [restartedMain] com.zaxxer.hikari.HikariDataSource       : HikariPool-1 - Starting...
2023-10-18 18:19:46.741  INFO 19267 --- [restartedMain] com.zaxxer.hikari.HikariDataSource       : HikariPool-1 - Start completed.
2023-10-18 18:19:46.755  INFO 19267 --- [restartedMain] org.hibernate.dialect.Dialect            : HHH000400: Using dialect: org.hibernate.dialect.PostgreSQL10Dialect
2023-10-18 18:19:47.026  INFO 19267 --- [restartedMain] o.h.e.t.j.p.i.JtaPlatformInitiator       : HHH000490: Using JtaPlatform implementation: [org.hibernate.engine.transaction.jta.platform.internal.NoJtaPlatform]
2023-10-18 18:19:47.030  INFO 19267 --- [restartedMain] j.LocalContainerEntityManagerFactoryBean : Initialized JPA EntityManagerFactory for persistence unit 'default'
2023-10-18 18:19:47.276  WARN 19267 --- [restartedMain] ConfigServletWebServerApplicationContext : Exception encountered during context initialization - cancelling refresh attempt: org.springframework.beans.factory.UnsatisfiedDependencyException: Error creating bean with name 'applicationEventListener' defined in file [/Users/msetrakyan/IdeaProjects/e-commerce/target/classes/com/smartcode/ecommerce/publish/listener/ApplicationEventListener.class]: Unsatisfied dependency expressed through constructor parameter 0; nested exception is org.springframework.beans.factory.NoSuchBeanDefinitionException: No qualifying bean of type 'com.smartcode.ecommerce.feign.NotificationFeign' available: expected at least 1 bean which qualifies as autowire candidate. Dependency annotations: {}
2023-10-18 18:19:47.276  INFO 19267 --- [restartedMain] j.LocalContainerEntityManagerFactoryBean : Closing JPA EntityManagerFactory for persistence unit 'default'
2023-10-18 18:19:47.278  INFO 19267 --- [restartedMain] com.zaxxer.hikari.HikariDataSource       : HikariPool-1 - Shutdown initiated...
2023-10-18 18:19:47.279  INFO 19267 --- [restartedMain] com.zaxxer.hikari.HikariDataSource       : HikariPool-1 - Shutdown completed.
2023-10-18 18:19:47.280  INFO 19267 --- [restartedMain] o.apache.catalina.core.StandardService   : Stopping service [Tomcat]
2023-10-18 18:19:47.286  INFO 19267 --- [restartedMain] ConditionEvaluationReportLoggingListener : 

Error starting ApplicationContext. To display the conditions report re-run your application with 'debug' enabled.
2023-10-18 18:19:47.295 ERROR 19267 --- [restartedMain] o.s.b.d.LoggingFailureAnalysisReporter   : 

***************************
APPLICATION FAILED TO START
***************************

Description:

Parameter 0 of constructor in com.smartcode.ecommerce.publish.listener.ApplicationEventListener required a bean of type 'com.smartcode.ecommerce.feign.NotificationFeign' that could not be found.


Action:

Consider defining a bean of type 'com.smartcode.ecommerce.feign.NotificationFeign' in your configuration.

2023-10-18 18:22:04.629  INFO 19371 --- [restartedMain] c.s.ecommerce.ECommerceApplication       : Starting ECommerceApplication using Java 17.0.8.1 on Marks-MacBook-Air.local with PID 19371 (/Users/msetrakyan/IdeaProjects/e-commerce/target/classes started by msetrakyan in /Users/msetrakyan/IdeaProjects/e-commerce)
2023-10-18 18:22:04.629  INFO 19371 --- [restartedMain] c.s.ecommerce.ECommerceApplication       : No active profile set, falling back to 1 default profile: "default"
2023-10-18 18:22:04.647  INFO 19371 --- [restartedMain] .e.DevToolsPropertyDefaultsPostProcessor : Devtools property defaults active! Set 'spring.devtools.add-properties' to 'false' to disable
2023-10-18 18:22:04.970  INFO 19371 --- [restartedMain] .s.d.r.c.RepositoryConfigurationDelegate : Bootstrapping Spring Data JPA repositories in DEFAULT mode.
2023-10-18 18:22:04.993  INFO 19371 --- [restartedMain] .s.d.r.c.RepositoryConfigurationDelegate : Finished Spring Data repository scanning in 20 ms. Found 3 JPA repository interfaces.
2023-10-18 18:22:05.075  INFO 19371 --- [restartedMain] o.s.cloud.context.scope.GenericScope     : BeanFactory id=073d9a17-e9a2-3d70-a860-d7f649e00124
2023-10-18 18:22:05.380  INFO 19371 --- [restartedMain] o.s.b.w.embedded.tomcat.TomcatWebServer  : Tomcat initialized with port(s): 8080 (http)
2023-10-18 18:22:05.384  INFO 19371 --- [restartedMain] o.apache.catalina.core.StandardService   : Starting service [Tomcat]
2023-10-18 18:22:05.384  INFO 19371 --- [restartedMain] org.apache.catalina.core.StandardEngine  : Starting Servlet engine: [Apache Tomcat/9.0.80]
2023-10-18 18:22:05.420  INFO 19371 --- [restartedMain] o.a.c.c.C.[Tomcat].[localhost].[/]       : Initializing Spring embedded WebApplicationContext
2023-10-18 18:22:05.420  INFO 19371 --- [restartedMain] w.s.c.ServletWebServerApplicationContext : Root WebApplicationContext: initialization completed in 773 ms
2023-10-18 18:22:05.497  INFO 19371 --- [restartedMain] o.hibernate.jpa.internal.util.LogHelper  : HHH000204: Processing PersistenceUnitInfo [name: default]
2023-10-18 18:22:05.518  INFO 19371 --- [restartedMain] org.hibernate.Version                    : HHH000412: Hibernate ORM core version 5.6.15.Final
2023-10-18 18:22:05.582  INFO 19371 --- [restartedMain] o.hibernate.annotations.common.Version   : HCANN000001: Hibernate Commons Annotations {5.1.2.Final}
2023-10-18 18:22:05.624  INFO 19371 --- [restartedMain] com.zaxxer.hikari.HikariDataSource       : HikariPool-1 - Starting...
2023-10-18 18:22:05.716  INFO 19371 --- [restartedMain] com.zaxxer.hikari.HikariDataSource       : HikariPool-1 - Start completed.
2023-10-18 18:22:05.731  INFO 19371 --- [restartedMain] org.hibernate.dialect.Dialect            : HHH000400: Using dialect: org.hibernate.dialect.PostgreSQL10Dialect
2023-10-18 18:22:06.040  INFO 19371 --- [restartedMain] o.h.e.t.j.p.i.JtaPlatformInitiator       : HHH000490: Using JtaPlatform implementation: [org.hibernate.engine.transaction.jta.platform.internal.NoJtaPlatform]
2023-10-18 18:22:06.045  INFO 19371 --- [restartedMain] j.LocalContainerEntityManagerFactoryBean : Initialized JPA EntityManagerFactory for persistence unit 'default'
2023-10-18 18:22:06.297  WARN 19371 --- [restartedMain] ConfigServletWebServerApplicationContext : Exception encountered during context initialization - cancelling refresh attempt: org.springframework.beans.factory.UnsatisfiedDependencyException: Error creating bean with name 'applicationEventListener' defined in file [/Users/msetrakyan/IdeaProjects/e-commerce/target/classes/com/smartcode/ecommerce/publish/listener/ApplicationEventListener.class]: Unsatisfied dependency expressed through constructor parameter 0; nested exception is org.springframework.beans.factory.NoSuchBeanDefinitionException: No qualifying bean of type 'com.smartcode.ecommerce.feign.NotificationFeign' available: expected at least 1 bean which qualifies as autowire candidate. Dependency annotations: {}
2023-10-18 18:22:06.298  INFO 19371 --- [restartedMain] j.LocalContainerEntityManagerFactoryBean : Closing JPA EntityManagerFactory for persistence unit 'default'
2023-10-18 18:22:06.299  INFO 19371 --- [restartedMain] com.zaxxer.hikari.HikariDataSource       : HikariPool-1 - Shutdown initiated...
2023-10-18 18:22:06.300  INFO 19371 --- [restartedMain] com.zaxxer.hikari.HikariDataSource       : HikariPool-1 - Shutdown completed.
2023-10-18 18:22:06.301  INFO 19371 --- [restartedMain] o.apache.catalina.core.StandardService   : Stopping service [Tomcat]
2023-10-18 18:22:06.307  INFO 19371 --- [restartedMain] ConditionEvaluationReportLoggingListener : 

Error starting ApplicationContext. To display the conditions report re-run your application with 'debug' enabled.
2023-10-18 18:22:06.317 ERROR 19371 --- [restartedMain] o.s.b.d.LoggingFailureAnalysisReporter   : 

***************************
APPLICATION FAILED TO START
***************************

Description:

Parameter 0 of constructor in com.smartcode.ecommerce.publish.listener.ApplicationEventListener required a bean of type 'com.smartcode.ecommerce.feign.NotificationFeign' that could not be found.


Action:

Consider defining a bean of type 'com.smartcode.ecommerce.feign.NotificationFeign' in your configuration.

